2021-07-06 12:30:37.132  INFO 7808 --- [restartedMain] com.cg.spring.boot.demo.Application      : Starting Application using Java 11.0.2 on DESKTOP-KFP7J4E with PID 7808 (C:\Users\Vaman\Documents\workspace-spring-tool-suite-4-4.7.0.RELEASE\com.cg.spring.boot.demo.june2021\target\classes started by Vaman in C:\Users\Vaman\Documents\workspace-spring-tool-suite-4-4.7.0.RELEASE\com.cg.spring.boot.demo.june2021)
2021-07-06 12:30:37.133  INFO 7808 --- [restartedMain] com.cg.spring.boot.demo.Application      : No active profile set, falling back to default profiles: default
2021-07-06 12:30:39.365  INFO 7808 --- [restartedMain] .s.d.r.c.RepositoryConfigurationDelegate : Bootstrapping Spring Data JPA repositories in DEFAULT mode.
2021-07-06 12:30:39.422  INFO 7808 --- [restartedMain] .s.d.r.c.RepositoryConfigurationDelegate : Finished Spring Data repository scanning in 39 ms. Found 1 JPA repository interfaces.
2021-07-06 12:30:40.382  INFO 7808 --- [restartedMain] o.s.b.w.embedded.tomcat.TomcatWebServer  : Tomcat initialized with port(s): 8082 (http)
2021-07-06 12:30:40.386  INFO 7808 --- [restartedMain] o.apache.catalina.core.StandardService   : Starting service [Tomcat]
2021-07-06 12:30:40.391  INFO 7808 --- [restartedMain] org.apache.catalina.core.StandardEngine  : Starting Servlet engine: [Apache Tomcat/9.0.48]
2021-07-06 12:30:40.393  INFO 7808 --- [restartedMain] o.a.catalina.core.AprLifecycleListener   : An older version [1.2.24] of the Apache Tomcat Native library is installed, while Tomcat recommends a minimum version of [1.2.30]
2021-07-06 12:30:40.397  INFO 7808 --- [restartedMain] o.a.catalina.core.AprLifecycleListener   : Loaded Apache Tomcat Native library [1.2.24] using APR version [1.7.0].
2021-07-06 12:30:40.398  INFO 7808 --- [restartedMain] o.a.catalina.core.AprLifecycleListener   : APR capabilities: IPv6 [true], sendfile [true], accept filters [false], random [true], UDS [false].
2021-07-06 12:30:40.398  INFO 7808 --- [restartedMain] o.a.catalina.core.AprLifecycleListener   : APR/OpenSSL configuration: useAprConnector [false], useOpenSSL [true]
2021-07-06 12:30:40.401  INFO 7808 --- [restartedMain] o.a.catalina.core.AprLifecycleListener   : OpenSSL successfully initialized [OpenSSL 1.1.1g  21 Apr 2020]
2021-07-06 12:30:40.766  INFO 7808 --- [restartedMain] o.a.c.c.C.[Tomcat].[localhost].[/]       : Initializing Spring embedded WebApplicationContext
2021-07-06 12:30:40.767  INFO 7808 --- [restartedMain] w.s.c.ServletWebServerApplicationContext : Root WebApplicationContext: initialization completed in 3615 ms
2021-07-06 12:30:41.177  INFO 7808 --- [restartedMain] o.hibernate.jpa.internal.util.LogHelper  : HHH000204: Processing PersistenceUnitInfo [name: default]
2021-07-06 12:30:41.678  INFO 7808 --- [restartedMain] com.zaxxer.hikari.HikariDataSource       : HikariPool-2 - Starting...
2021-07-06 12:30:41.990  INFO 7808 --- [restartedMain] com.zaxxer.hikari.HikariDataSource       : HikariPool-2 - Start completed.
2021-07-06 12:30:41.991  INFO 7808 --- [restartedMain] org.hibernate.dialect.Dialect            : HHH000400: Using dialect: org.hibernate.dialect.PostgreSQLDialect
2021-07-06 12:30:45.251  INFO 7808 --- [restartedMain] o.h.e.t.j.p.i.JtaPlatformInitiator       : HHH000490: Using JtaPlatform implementation: [org.hibernate.engine.transaction.jta.platform.internal.NoJtaPlatform]
2021-07-06 12:30:45.253  INFO 7808 --- [restartedMain] j.LocalContainerEntityManagerFactoryBean : Initialized JPA EntityManagerFactory for persistence unit 'default'
2021-07-06 12:30:45.735  WARN 7808 --- [restartedMain] JpaBaseConfiguration$JpaWebConfiguration : spring.jpa.open-in-view is enabled by default. Therefore, database queries may be performed during view rendering. Explicitly configure spring.jpa.open-in-view to disable this warning
2021-07-06 12:30:46.221  INFO 7808 --- [restartedMain] o.s.b.d.a.OptionalLiveReloadServer       : LiveReload server is running on port 35729
2021-07-06 12:30:46.288  INFO 7808 --- [restartedMain] o.s.b.w.embedded.tomcat.TomcatWebServer  : Tomcat started on port(s): 8082 (http) with context path ''
2021-07-06 12:30:46.299  INFO 7808 --- [restartedMain] com.cg.spring.boot.demo.Application      : Started Application in 9.742 seconds (JVM running for 216.116)
2021-07-06 12:30:46.307  INFO 7808 --- [restartedMain] .ConditionEvaluationDeltaLoggingListener : Condition evaluation unchanged
2021-07-06 12:30:46.307  INFO 7808 --- [restartedMain] com.cg.spring.boot.demo.Application      : End
2021-07-06 12:31:03.386  INFO 7808 --- [Thread-7] j.LocalContainerEntityManagerFactoryBean : Closing JPA EntityManagerFactory for persistence unit 'default'
2021-07-06 12:31:03.389  INFO 7808 --- [Thread-7] com.zaxxer.hikari.HikariDataSource       : HikariPool-2 - Shutdown initiated...
2021-07-06 12:31:03.425  INFO 7808 --- [Thread-7] com.zaxxer.hikari.HikariDataSource       : HikariPool-2 - Shutdown completed.
2021-07-06 12:31:03.621  INFO 7808 --- [restartedMain] com.cg.spring.boot.demo.Application      : Start
2021-07-06 12:31:03.881  INFO 7808 --- [restartedMain] com.cg.spring.boot.demo.Application      : Starting Application using Java 11.0.2 on DESKTOP-KFP7J4E with PID 7808 (C:\Users\Vaman\Documents\workspace-spring-tool-suite-4-4.7.0.RELEASE\com.cg.spring.boot.demo.june2021\target\classes started by Vaman in C:\Users\Vaman\Documents\workspace-spring-tool-suite-4-4.7.0.RELEASE\com.cg.spring.boot.demo.june2021)
2021-07-06 12:31:03.883  INFO 7808 --- [restartedMain] com.cg.spring.boot.demo.Application      : No active profile set, falling back to default profiles: default
2021-07-06 12:31:05.503  INFO 7808 --- [restartedMain] .s.d.r.c.RepositoryConfigurationDelegate : Bootstrapping Spring Data JPA repositories in DEFAULT mode.
2021-07-06 12:31:05.637  INFO 7808 --- [restartedMain] .s.d.r.c.RepositoryConfigurationDelegate : Finished Spring Data repository scanning in 130 ms. Found 1 JPA repository interfaces.
2021-07-06 12:31:06.322  INFO 7808 --- [restartedMain] o.s.b.w.embedded.tomcat.TomcatWebServer  : Tomcat initialized with port(s): 8082 (http)
2021-07-06 12:31:06.324  INFO 7808 --- [restartedMain] o.apache.catalina.core.StandardService   : Starting service [Tomcat]
2021-07-06 12:31:06.324  INFO 7808 --- [restartedMain] org.apache.catalina.core.StandardEngine  : Starting Servlet engine: [Apache Tomcat/9.0.48]
2021-07-06 12:31:06.325  INFO 7808 --- [restartedMain] o.a.catalina.core.AprLifecycleListener   : An older version [1.2.24] of the Apache Tomcat Native library is installed, while Tomcat recommends a minimum version of [1.2.30]
2021-07-06 12:31:06.326  INFO 7808 --- [restartedMain] o.a.catalina.core.AprLifecycleListener   : Loaded Apache Tomcat Native library [1.2.24] using APR version [1.7.0].
2021-07-06 12:31:06.326  INFO 7808 --- [restartedMain] o.a.catalina.core.AprLifecycleListener   : APR capabilities: IPv6 [true], sendfile [true], accept filters [false], random [true], UDS [false].
2021-07-06 12:31:06.327  INFO 7808 --- [restartedMain] o.a.catalina.core.AprLifecycleListener   : APR/OpenSSL configuration: useAprConnector [false], useOpenSSL [true]
2021-07-06 12:31:06.328  INFO 7808 --- [restartedMain] o.a.catalina.core.AprLifecycleListener   : OpenSSL successfully initialized [OpenSSL 1.1.1g  21 Apr 2020]
2021-07-06 12:31:06.436  INFO 7808 --- [restartedMain] o.a.c.c.C.[Tomcat].[localhost].[/]       : Initializing Spring embedded WebApplicationContext
2021-07-06 12:31:06.437  INFO 7808 --- [restartedMain] w.s.c.ServletWebServerApplicationContext : Root WebApplicationContext: initialization completed in 2545 ms
2021-07-06 12:31:06.608  INFO 7808 --- [restartedMain] o.hibernate.jpa.internal.util.LogHelper  : HHH000204: Processing PersistenceUnitInfo [name: default]
2021-07-06 12:31:06.733  INFO 7808 --- [restartedMain] com.zaxxer.hikari.HikariDataSource       : HikariPool-3 - Starting...
2021-07-06 12:31:06.928  INFO 7808 --- [restartedMain] com.zaxxer.hikari.HikariDataSource       : HikariPool-3 - Start completed.
2021-07-06 12:31:06.936  INFO 7808 --- [restartedMain] org.hibernate.dialect.Dialect            : HHH000400: Using dialect: org.hibernate.dialect.PostgreSQLDialect
2021-07-06 12:31:07.793  INFO 7808 --- [restartedMain] o.h.e.t.j.p.i.JtaPlatformInitiator       : HHH000490: Using JtaPlatform implementation: [org.hibernate.engine.transaction.jta.platform.internal.NoJtaPlatform]
2021-07-06 12:31:07.799  INFO 7808 --- [restartedMain] j.LocalContainerEntityManagerFactoryBean : Initialized JPA EntityManagerFactory for persistence unit 'default'
2021-07-06 12:31:08.144  WARN 7808 --- [restartedMain] JpaBaseConfiguration$JpaWebConfiguration : spring.jpa.open-in-view is enabled by default. Therefore, database queries may be performed during view rendering. Explicitly configure spring.jpa.open-in-view to disable this warning
2021-07-06 12:31:08.593  INFO 7808 --- [restartedMain] o.s.b.d.a.OptionalLiveReloadServer       : LiveReload server is running on port 35729
2021-07-06 12:31:08.657  INFO 7808 --- [restartedMain] o.s.b.w.embedded.tomcat.TomcatWebServer  : Tomcat started on port(s): 8082 (http) with context path ''
2021-07-06 12:31:08.670  INFO 7808 --- [restartedMain] com.cg.spring.boot.demo.Application      : Started Application in 5.029 seconds (JVM running for 238.486)
2021-07-06 12:31:08.673  INFO 7808 --- [restartedMain] .ConditionEvaluationDeltaLoggingListener : Condition evaluation unchanged
2021-07-06 12:31:08.676  INFO 7808 --- [restartedMain] com.cg.spring.boot.demo.Application      : End
2021-07-06 12:31:23.550  INFO 7808 --- [Thread-11] j.LocalContainerEntityManagerFactoryBean : Closing JPA EntityManagerFactory for persistence unit 'default'
2021-07-06 12:31:23.565  INFO 7808 --- [Thread-11] com.zaxxer.hikari.HikariDataSource       : HikariPool-3 - Shutdown initiated...
2021-07-06 12:31:23.616  INFO 7808 --- [Thread-11] com.zaxxer.hikari.HikariDataSource       : HikariPool-3 - Shutdown completed.
2021-07-06 12:31:23.786  INFO 7808 --- [restartedMain] com.cg.spring.boot.demo.Application      : Start
2021-07-06 12:31:24.167  INFO 7808 --- [restartedMain] com.cg.spring.boot.demo.Application      : Starting Application using Java 11.0.2 on DESKTOP-KFP7J4E with PID 7808 (C:\Users\Vaman\Documents\workspace-spring-tool-suite-4-4.7.0.RELEASE\com.cg.spring.boot.demo.june2021\target\classes started by Vaman in C:\Users\Vaman\Documents\workspace-spring-tool-suite-4-4.7.0.RELEASE\com.cg.spring.boot.demo.june2021)
2021-07-06 12:31:24.167  INFO 7808 --- [restartedMain] com.cg.spring.boot.demo.Application      : No active profile set, falling back to default profiles: default
2021-07-06 12:31:25.131  INFO 7808 --- [restartedMain] .s.d.r.c.RepositoryConfigurationDelegate : Bootstrapping Spring Data JPA repositories in DEFAULT mode.
2021-07-06 12:31:25.183  INFO 7808 --- [restartedMain] .s.d.r.c.RepositoryConfigurationDelegate : Finished Spring Data repository scanning in 51 ms. Found 1 JPA repository interfaces.
2021-07-06 12:31:25.634  INFO 7808 --- [restartedMain] o.s.b.w.embedded.tomcat.TomcatWebServer  : Tomcat initialized with port(s): 8082 (http)
2021-07-06 12:31:25.658  INFO 7808 --- [restartedMain] o.apache.catalina.core.StandardService   : Starting service [Tomcat]
2021-07-06 12:31:25.659  INFO 7808 --- [restartedMain] org.apache.catalina.core.StandardEngine  : Starting Servlet engine: [Apache Tomcat/9.0.48]
2021-07-06 12:31:25.661  INFO 7808 --- [restartedMain] o.a.catalina.core.AprLifecycleListener   : An older version [1.2.24] of the Apache Tomcat Native library is installed, while Tomcat recommends a minimum version of [1.2.30]
2021-07-06 12:31:25.662  INFO 7808 --- [restartedMain] o.a.catalina.core.AprLifecycleListener   : Loaded Apache Tomcat Native library [1.2.24] using APR version [1.7.0].
2021-07-06 12:31:25.663  INFO 7808 --- [restartedMain] o.a.catalina.core.AprLifecycleListener   : APR capabilities: IPv6 [true], sendfile [true], accept filters [false], random [true], UDS [false].
2021-07-06 12:31:25.663  INFO 7808 --- [restartedMain] o.a.catalina.core.AprLifecycleListener   : APR/OpenSSL configuration: useAprConnector [false], useOpenSSL [true]
2021-07-06 12:31:25.664  INFO 7808 --- [restartedMain] o.a.catalina.core.AprLifecycleListener   : OpenSSL successfully initialized [OpenSSL 1.1.1g  21 Apr 2020]
2021-07-06 12:31:25.804  INFO 7808 --- [restartedMain] o.a.c.c.C.[Tomcat].[localhost].[/]       : Initializing Spring embedded WebApplicationContext
2021-07-06 12:31:25.806  INFO 7808 --- [restartedMain] w.s.c.ServletWebServerApplicationContext : Root WebApplicationContext: initialization completed in 1626 ms
2021-07-06 12:31:25.966  INFO 7808 --- [restartedMain] o.hibernate.jpa.internal.util.LogHelper  : HHH000204: Processing PersistenceUnitInfo [name: default]
2021-07-06 12:31:26.010  INFO 7808 --- [restartedMain] com.zaxxer.hikari.HikariDataSource       : HikariPool-4 - Starting...
2021-07-06 12:31:26.248  INFO 7808 --- [restartedMain] com.zaxxer.hikari.HikariDataSource       : HikariPool-4 - Start completed.
2021-07-06 12:31:26.248  INFO 7808 --- [restartedMain] org.hibernate.dialect.Dialect            : HHH000400: Using dialect: org.hibernate.dialect.PostgreSQLDialect
2021-07-06 12:31:27.120  INFO 7808 --- [restartedMain] o.h.e.t.j.p.i.JtaPlatformInitiator       : HHH000490: Using JtaPlatform implementation: [org.hibernate.engine.transaction.jta.platform.internal.NoJtaPlatform]
2021-07-06 12:31:27.121  INFO 7808 --- [restartedMain] j.LocalContainerEntityManagerFactoryBean : Initialized JPA EntityManagerFactory for persistence unit 'default'
2021-07-06 12:31:27.535  WARN 7808 --- [restartedMain] JpaBaseConfiguration$JpaWebConfiguration : spring.jpa.open-in-view is enabled by default. Therefore, database queries may be performed during view rendering. Explicitly configure spring.jpa.open-in-view to disable this warning
2021-07-06 12:31:28.067  INFO 7808 --- [restartedMain] o.s.b.d.a.OptionalLiveReloadServer       : LiveReload server is running on port 35729
2021-07-06 12:31:28.104  INFO 7808 --- [restartedMain] o.s.b.w.embedded.tomcat.TomcatWebServer  : Tomcat started on port(s): 8082 (http) with context path ''
2021-07-06 12:31:28.124  INFO 7808 --- [restartedMain] com.cg.spring.boot.demo.Application      : Started Application in 4.31 seconds (JVM running for 257.941)
2021-07-06 12:31:28.144  INFO 7808 --- [restartedMain] .ConditionEvaluationDeltaLoggingListener : Condition evaluation unchanged
2021-07-06 12:31:28.147  INFO 7808 --- [restartedMain] com.cg.spring.boot.demo.Application      : End
2021-07-06 12:31:59.247  INFO 7808 --- [Thread-15] j.LocalContainerEntityManagerFactoryBean : Closing JPA EntityManagerFactory for persistence unit 'default'
2021-07-06 12:31:59.250  INFO 7808 --- [Thread-15] com.zaxxer.hikari.HikariDataSource       : HikariPool-4 - Shutdown initiated...
2021-07-06 12:31:59.307  INFO 7808 --- [Thread-15] com.zaxxer.hikari.HikariDataSource       : HikariPool-4 - Shutdown completed.
2021-07-06 12:31:59.576  INFO 7808 --- [restartedMain] com.cg.spring.boot.demo.Application      : Start
2021-07-06 12:31:59.977  INFO 7808 --- [restartedMain] com.cg.spring.boot.demo.Application      : Starting Application using Java 11.0.2 on DESKTOP-KFP7J4E with PID 7808 (C:\Users\Vaman\Documents\workspace-spring-tool-suite-4-4.7.0.RELEASE\com.cg.spring.boot.demo.june2021\target\classes started by Vaman in C:\Users\Vaman\Documents\workspace-spring-tool-suite-4-4.7.0.RELEASE\com.cg.spring.boot.demo.june2021)
2021-07-06 12:31:59.978  INFO 7808 --- [restartedMain] com.cg.spring.boot.demo.Application      : No active profile set, falling back to default profiles: default
2021-07-06 12:32:01.291  INFO 7808 --- [restartedMain] .s.d.r.c.RepositoryConfigurationDelegate : Bootstrapping Spring Data JPA repositories in DEFAULT mode.
2021-07-06 12:32:01.317  INFO 7808 --- [restartedMain] .s.d.r.c.RepositoryConfigurationDelegate : Finished Spring Data repository scanning in 24 ms. Found 1 JPA repository interfaces.
2021-07-06 12:32:01.760  INFO 7808 --- [restartedMain] o.s.b.w.embedded.tomcat.TomcatWebServer  : Tomcat initialized with port(s): 8082 (http)
2021-07-06 12:32:01.763  INFO 7808 --- [restartedMain] o.apache.catalina.core.StandardService   : Starting service [Tomcat]
2021-07-06 12:32:01.764  INFO 7808 --- [restartedMain] org.apache.catalina.core.StandardEngine  : Starting Servlet engine: [Apache Tomcat/9.0.48]
2021-07-06 12:32:01.765  INFO 7808 --- [restartedMain] o.a.catalina.core.AprLifecycleListener   : An older version [1.2.24] of the Apache Tomcat Native library is installed, while Tomcat recommends a minimum version of [1.2.30]
2021-07-06 12:32:01.766  INFO 7808 --- [restartedMain] o.a.catalina.core.AprLifecycleListener   : Loaded Apache Tomcat Native library [1.2.24] using APR version [1.7.0].
2021-07-06 12:32:01.767  INFO 7808 --- [restartedMain] o.a.catalina.core.AprLifecycleListener   : APR capabilities: IPv6 [true], sendfile [true], accept filters [false], random [true], UDS [false].
2021-07-06 12:32:01.768  INFO 7808 --- [restartedMain] o.a.catalina.core.AprLifecycleListener   : APR/OpenSSL configuration: useAprConnector [false], useOpenSSL [true]
2021-07-06 12:32:01.769  INFO 7808 --- [restartedMain] o.a.catalina.core.AprLifecycleListener   : OpenSSL successfully initialized [OpenSSL 1.1.1g  21 Apr 2020]
2021-07-06 12:32:01.897  INFO 7808 --- [restartedMain] o.a.c.c.C.[Tomcat].[localhost].[/]       : Initializing Spring embedded WebApplicationContext
2021-07-06 12:32:01.897  INFO 7808 --- [restartedMain] w.s.c.ServletWebServerApplicationContext : Root WebApplicationContext: initialization completed in 1910 ms
2021-07-06 12:32:02.130  INFO 7808 --- [restartedMain] o.hibernate.jpa.internal.util.LogHelper  : HHH000204: Processing PersistenceUnitInfo [name: default]
2021-07-06 12:32:02.179  INFO 7808 --- [restartedMain] com.zaxxer.hikari.HikariDataSource       : HikariPool-5 - Starting...
2021-07-06 12:32:02.519  INFO 7808 --- [restartedMain] com.zaxxer.hikari.HikariDataSource       : HikariPool-5 - Start completed.
2021-07-06 12:32:02.521  INFO 7808 --- [restartedMain] org.hibernate.dialect.Dialect            : HHH000400: Using dialect: org.hibernate.dialect.PostgreSQLDialect
2021-07-06 12:32:04.040  INFO 7808 --- [restartedMain] o.h.e.t.j.p.i.JtaPlatformInitiator       : HHH000490: Using JtaPlatform implementation: [org.hibernate.engine.transaction.jta.platform.internal.NoJtaPlatform]
2021-07-06 12:32:04.041  INFO 7808 --- [restartedMain] j.LocalContainerEntityManagerFactoryBean : Initialized JPA EntityManagerFactory for persistence unit 'default'
2021-07-06 12:32:04.619  WARN 7808 --- [restartedMain] JpaBaseConfiguration$JpaWebConfiguration : spring.jpa.open-in-view is enabled by default. Therefore, database queries may be performed during view rendering. Explicitly configure spring.jpa.open-in-view to disable this warning
2021-07-06 12:32:05.115  INFO 7808 --- [restartedMain] o.s.b.d.a.OptionalLiveReloadServer       : LiveReload server is running on port 35729
2021-07-06 12:32:05.159  INFO 7808 --- [restartedMain] o.s.b.w.embedded.tomcat.TomcatWebServer  : Tomcat started on port(s): 8082 (http) with context path ''
2021-07-06 12:32:05.181  INFO 7808 --- [restartedMain] com.cg.spring.boot.demo.Application      : Started Application in 5.584 seconds (JVM running for 294.998)
2021-07-06 12:32:05.187  INFO 7808 --- [restartedMain] .ConditionEvaluationDeltaLoggingListener : Condition evaluation unchanged
2021-07-06 12:32:05.188  INFO 7808 --- [restartedMain] com.cg.spring.boot.demo.Application      : End
2021-07-06 12:32:08.785  INFO 7808 --- [Thread-19] j.LocalContainerEntityManagerFactoryBean : Closing JPA EntityManagerFactory for persistence unit 'default'
2021-07-06 12:32:08.787  INFO 7808 --- [Thread-19] com.zaxxer.hikari.HikariDataSource       : HikariPool-5 - Shutdown initiated...
2021-07-06 12:32:08.953  INFO 7808 --- [Thread-19] com.zaxxer.hikari.HikariDataSource       : HikariPool-5 - Shutdown completed.
2021-07-06 12:32:09.118  INFO 7808 --- [restartedMain] com.cg.spring.boot.demo.Application      : Start
2021-07-06 12:32:09.296  INFO 7808 --- [restartedMain] com.cg.spring.boot.demo.Application      : Starting Application using Java 11.0.2 on DESKTOP-KFP7J4E with PID 7808 (C:\Users\Vaman\Documents\workspace-spring-tool-suite-4-4.7.0.RELEASE\com.cg.spring.boot.demo.june2021\target\classes started by Vaman in C:\Users\Vaman\Documents\workspace-spring-tool-suite-4-4.7.0.RELEASE\com.cg.spring.boot.demo.june2021)
2021-07-06 12:32:09.297  INFO 7808 --- [restartedMain] com.cg.spring.boot.demo.Application      : No active profile set, falling back to default profiles: default
2021-07-06 12:32:09.958  INFO 7808 --- [restartedMain] .s.d.r.c.RepositoryConfigurationDelegate : Bootstrapping Spring Data JPA repositories in DEFAULT mode.
2021-07-06 12:32:10.004  INFO 7808 --- [restartedMain] .s.d.r.c.RepositoryConfigurationDelegate : Finished Spring Data repository scanning in 44 ms. Found 1 JPA repository interfaces.
2021-07-06 12:32:10.330  INFO 7808 --- [restartedMain] o.s.b.w.embedded.tomcat.TomcatWebServer  : Tomcat initialized with port(s): 8082 (http)
2021-07-06 12:32:10.346  INFO 7808 --- [restartedMain] o.apache.catalina.core.StandardService   : Starting service [Tomcat]
2021-07-06 12:32:10.347  INFO 7808 --- [restartedMain] org.apache.catalina.core.StandardEngine  : Starting Servlet engine: [Apache Tomcat/9.0.48]
2021-07-06 12:32:10.348  INFO 7808 --- [restartedMain] o.a.catalina.core.AprLifecycleListener   : An older version [1.2.24] of the Apache Tomcat Native library is installed, while Tomcat recommends a minimum version of [1.2.30]
2021-07-06 12:32:10.349  INFO 7808 --- [restartedMain] o.a.catalina.core.AprLifecycleListener   : Loaded Apache Tomcat Native library [1.2.24] using APR version [1.7.0].
2021-07-06 12:32:10.349  INFO 7808 --- [restartedMain] o.a.catalina.core.AprLifecycleListener   : APR capabilities: IPv6 [true], sendfile [true], accept filters [false], random [true], UDS [false].
2021-07-06 12:32:10.350  INFO 7808 --- [restartedMain] o.a.catalina.core.AprLifecycleListener   : APR/OpenSSL configuration: useAprConnector [false], useOpenSSL [true]
2021-07-06 12:32:10.350  INFO 7808 --- [restartedMain] o.a.catalina.core.AprLifecycleListener   : OpenSSL successfully initialized [OpenSSL 1.1.1g  21 Apr 2020]
2021-07-06 12:32:10.791  INFO 7808 --- [restartedMain] o.a.c.c.C.[Tomcat].[localhost].[/]       : Initializing Spring embedded WebApplicationContext
2021-07-06 12:32:10.792  INFO 7808 --- [restartedMain] w.s.c.ServletWebServerApplicationContext : Root WebApplicationContext: initialization completed in 1487 ms
2021-07-06 12:32:10.885  INFO 7808 --- [restartedMain] o.hibernate.jpa.internal.util.LogHelper  : HHH000204: Processing PersistenceUnitInfo [name: default]
2021-07-06 12:32:13.300  INFO 7808 --- [restartedMain] com.zaxxer.hikari.HikariDataSource       : HikariPool-6 - Starting...
2021-07-06 12:32:13.432  INFO 7808 --- [restartedMain] com.zaxxer.hikari.HikariDataSource       : HikariPool-6 - Start completed.
2021-07-06 12:32:13.433  INFO 7808 --- [restartedMain] org.hibernate.dialect.Dialect            : HHH000400: Using dialect: org.hibernate.dialect.PostgreSQLDialect
2021-07-06 12:32:15.702  INFO 7808 --- [restartedMain] o.h.e.t.j.p.i.JtaPlatformInitiator       : HHH000490: Using JtaPlatform implementation: [org.hibernate.engine.transaction.jta.platform.internal.NoJtaPlatform]
2021-07-06 12:32:15.703  INFO 7808 --- [restartedMain] j.LocalContainerEntityManagerFactoryBean : Initialized JPA EntityManagerFactory for persistence unit 'default'
2021-07-06 12:32:16.047  WARN 7808 --- [restartedMain] JpaBaseConfiguration$JpaWebConfiguration : spring.jpa.open-in-view is enabled by default. Therefore, database queries may be performed during view rendering. Explicitly configure spring.jpa.open-in-view to disable this warning
2021-07-06 12:32:16.502  INFO 7808 --- [restartedMain] o.s.b.d.a.OptionalLiveReloadServer       : LiveReload server is running on port 35729
2021-07-06 12:32:16.571  INFO 7808 --- [restartedMain] o.s.b.w.embedded.tomcat.TomcatWebServer  : Tomcat started on port(s): 8082 (http) with context path ''
2021-07-06 12:32:16.600  INFO 7808 --- [restartedMain] com.cg.spring.boot.demo.Application      : Started Application in 7.46 seconds (JVM running for 306.417)
2021-07-06 12:32:16.605  INFO 7808 --- [restartedMain] .ConditionEvaluationDeltaLoggingListener : Condition evaluation unchanged
2021-07-06 12:32:16.606  INFO 7808 --- [restartedMain] com.cg.spring.boot.demo.Application      : End
2021-07-06 12:32:17.802  INFO 7808 --- [http-nio-8082-exec-9] o.a.c.c.C.[Tomcat].[localhost].[/]       : Initializing Spring DispatcherServlet 'dispatcherServlet'
2021-07-06 12:32:17.804  INFO 7808 --- [http-nio-8082-exec-9] o.s.web.servlet.DispatcherServlet        : Initializing Servlet 'dispatcherServlet'
2021-07-06 12:32:17.852  INFO 7808 --- [http-nio-8082-exec-9] o.s.web.servlet.DispatcherServlet        : Completed initialization in 47 ms
2021-07-06 12:32:18.042  INFO 7808 --- [http-nio-8082-exec-9] c.c.s.b.d.controller.EmployeeController  : getemp
2021-07-06 12:32:18.043  INFO 7808 --- [http-nio-8082-exec-9] c.c.s.boot.demo.service.EmployeeService  : findEmployeeById
2021-07-06 12:32:23.118  INFO 7808 --- [http-nio-8082-exec-8] c.c.s.b.d.controller.EmployeeController  : getemp
2021-07-06 12:32:23.119  INFO 7808 --- [http-nio-8082-exec-8] c.c.s.boot.demo.service.EmployeeService  : findEmployeeById
2021-07-06 12:32:23.128 ERROR 7808 --- [http-nio-8082-exec-8] c.c.s.boot.demo.service.EmployeeService  : No value present
2021-07-06 12:32:29.345  INFO 7808 --- [http-nio-8082-exec-7] com.cg.spring.boot.demo.Hello            : Hello world! INFO
2021-07-06 12:32:41.889  INFO 7808 --- [http-nio-8082-exec-5] c.c.s.b.d.controller.EmployeeController  : getemp
2021-07-06 12:32:41.890  INFO 7808 --- [http-nio-8082-exec-5] c.c.s.boot.demo.service.EmployeeService  : findEmployeeById
2021-07-06 12:33:41.643  INFO 7808 --- [http-nio-8082-exec-4] c.c.s.b.d.controller.EmployeeController  : getemp
2021-07-06 12:33:41.650  INFO 7808 --- [http-nio-8082-exec-4] c.c.s.boot.demo.service.EmployeeService  : findEmployeeById
2021-07-06 12:35:23.684  INFO 7808 --- [Thread-23] j.LocalContainerEntityManagerFactoryBean : Closing JPA EntityManagerFactory for persistence unit 'default'
2021-07-06 12:35:23.686  INFO 7808 --- [Thread-23] com.zaxxer.hikari.HikariDataSource       : HikariPool-6 - Shutdown initiated...
2021-07-06 12:35:23.707  INFO 7808 --- [Thread-23] com.zaxxer.hikari.HikariDataSource       : HikariPool-6 - Shutdown completed.
2021-07-06 12:35:23.850  INFO 7808 --- [restartedMain] com.cg.spring.boot.demo.Application      : Start
2021-07-06 12:35:24.089  INFO 7808 --- [restartedMain] com.cg.spring.boot.demo.Application      : Starting Application using Java 11.0.2 on DESKTOP-KFP7J4E with PID 7808 (C:\Users\Vaman\Documents\workspace-spring-tool-suite-4-4.7.0.RELEASE\com.cg.spring.boot.demo.june2021\target\classes started by Vaman in C:\Users\Vaman\Documents\workspace-spring-tool-suite-4-4.7.0.RELEASE\com.cg.spring.boot.demo.june2021)
2021-07-06 12:35:24.089  INFO 7808 --- [restartedMain] com.cg.spring.boot.demo.Application      : No active profile set, falling back to default profiles: default
2021-07-06 12:35:24.701  INFO 7808 --- [restartedMain] .s.d.r.c.RepositoryConfigurationDelegate : Bootstrapping Spring Data JPA repositories in DEFAULT mode.
2021-07-06 12:35:24.724  INFO 7808 --- [restartedMain] .s.d.r.c.RepositoryConfigurationDelegate : Finished Spring Data repository scanning in 21 ms. Found 1 JPA repository interfaces.
2021-07-06 12:35:25.170  INFO 7808 --- [restartedMain] o.s.b.w.embedded.tomcat.TomcatWebServer  : Tomcat initialized with port(s): 8082 (http)
2021-07-06 12:35:25.174  INFO 7808 --- [restartedMain] o.apache.catalina.core.StandardService   : Starting service [Tomcat]
2021-07-06 12:35:25.175  INFO 7808 --- [restartedMain] org.apache.catalina.core.StandardEngine  : Starting Servlet engine: [Apache Tomcat/9.0.48]
2021-07-06 12:35:25.176  INFO 7808 --- [restartedMain] o.a.catalina.core.AprLifecycleListener   : An older version [1.2.24] of the Apache Tomcat Native library is installed, while Tomcat recommends a minimum version of [1.2.30]
2021-07-06 12:35:25.177  INFO 7808 --- [restartedMain] o.a.catalina.core.AprLifecycleListener   : Loaded Apache Tomcat Native library [1.2.24] using APR version [1.7.0].
2021-07-06 12:35:25.179  INFO 7808 --- [restartedMain] o.a.catalina.core.AprLifecycleListener   : APR capabilities: IPv6 [true], sendfile [true], accept filters [false], random [true], UDS [false].
2021-07-06 12:35:25.180  INFO 7808 --- [restartedMain] o.a.catalina.core.AprLifecycleListener   : APR/OpenSSL configuration: useAprConnector [false], useOpenSSL [true]
2021-07-06 12:35:25.180  INFO 7808 --- [restartedMain] o.a.catalina.core.AprLifecycleListener   : OpenSSL successfully initialized [OpenSSL 1.1.1g  21 Apr 2020]
2021-07-06 12:35:25.252  INFO 7808 --- [restartedMain] o.a.c.c.C.[Tomcat].[localhost].[/]       : Initializing Spring embedded WebApplicationContext
2021-07-06 12:35:25.253  INFO 7808 --- [restartedMain] w.s.c.ServletWebServerApplicationContext : Root WebApplicationContext: initialization completed in 1158 ms
2021-07-06 12:35:25.373  INFO 7808 --- [restartedMain] o.hibernate.jpa.internal.util.LogHelper  : HHH000204: Processing PersistenceUnitInfo [name: default]
2021-07-06 12:35:25.417  INFO 7808 --- [restartedMain] com.zaxxer.hikari.HikariDataSource       : HikariPool-7 - Starting...
2021-07-06 12:35:25.701  INFO 7808 --- [restartedMain] com.zaxxer.hikari.HikariDataSource       : HikariPool-7 - Start completed.
2021-07-06 12:35:25.702  INFO 7808 --- [restartedMain] org.hibernate.dialect.Dialect            : HHH000400: Using dialect: org.hibernate.dialect.PostgreSQLDialect
2021-07-06 12:35:27.161  INFO 7808 --- [restartedMain] o.h.e.t.j.p.i.JtaPlatformInitiator       : HHH000490: Using JtaPlatform implementation: [org.hibernate.engine.transaction.jta.platform.internal.NoJtaPlatform]
2021-07-06 12:35:27.163  INFO 7808 --- [restartedMain] j.LocalContainerEntityManagerFactoryBean : Initialized JPA EntityManagerFactory for persistence unit 'default'
2021-07-06 12:35:27.587  WARN 7808 --- [restartedMain] JpaBaseConfiguration$JpaWebConfiguration : spring.jpa.open-in-view is enabled by default. Therefore, database queries may be performed during view rendering. Explicitly configure spring.jpa.open-in-view to disable this warning
2021-07-06 12:35:28.020  INFO 7808 --- [restartedMain] o.s.b.d.a.OptionalLiveReloadServer       : LiveReload server is running on port 35729
2021-07-06 12:35:28.059  INFO 7808 --- [restartedMain] o.s.b.w.embedded.tomcat.TomcatWebServer  : Tomcat started on port(s): 8082 (http) with context path ''
2021-07-06 12:35:28.093  INFO 7808 --- [restartedMain] com.cg.spring.boot.demo.Application      : Started Application in 4.215 seconds (JVM running for 497.91)
2021-07-06 12:35:28.096  INFO 7808 --- [restartedMain] .ConditionEvaluationDeltaLoggingListener : Condition evaluation unchanged
2021-07-06 12:35:28.104  INFO 7808 --- [restartedMain] com.cg.spring.boot.demo.Application      : End
